Building DAG of jobs...
Creating conda environment new-env.yaml...
Downloading and installing remote packages.
CreateCondaEnvironmentException:
Could not create conda environment from /n/groups/marks/users/courtney/snakemake_tricks/all_example/new-env.yaml:

# >>>>>>>>>>>>>>>>>>>>>> ERROR REPORT <<<<<<<<<<<<<<<<<<<<<<

    Traceback (most recent call last):
      File "/n/app/snakemake/6.5.2/snakemake/lib/python3.9/site-packages/conda/exceptions.py", line 1079, in __call__
        return func(*args, **kwargs)
      File "/n/app/snakemake/6.5.2/snakemake/lib/python3.9/site-packages/conda_env/cli/main.py", line 80, in do_call
        exit_code = getattr(module, func_name)(args, parser)
      File "/n/app/snakemake/6.5.2/snakemake/lib/python3.9/site-packages/conda_env/cli/main_create.py", line 136, in execute
        result[installer_type] = installer.install(prefix, pkg_specs, args, env)
      File "/n/app/snakemake/6.5.2/snakemake/lib/python3.9/site-packages/mamba/mamba_env.py", line 42, in mamba_install
        index = load_channels(pool, channel_urls, repos, prepend=False)
      File "/n/app/snakemake/6.5.2/snakemake/lib/python3.9/site-packages/mamba/utils.py", line 119, in load_channels
        index = get_index(
      File "/n/app/snakemake/6.5.2/snakemake/lib/python3.9/site-packages/mamba/utils.py", line 78, in get_index
        for channel in api.get_channels(all_channels):
    RuntimeError: Permission denied: '/n/app/snakemake/6.5.2/snakemake/pkgs/cache/ad76bb9c'

`$ /n/app/snakemake/6.5.2/snakemake/bin/mamba create --quiet --file /n/groups/marks/users/courtney/snakemake_tricks/all_example/.snakemake/conda/ae442a2ca660e9d34e0effbf6dbef6ce.yaml --prefix /n/groups/marks/users/courtney/snakemake_tricks/all_example/.snakemake/conda/ae442a2ca660e9d34e0effbf6dbef6ce`

  environment variables:
                 CIO_TEST=<not set>
  CONDA_AUTO_UPDATE_CONDA=false
        CONDA_DEFAULT_ENV=/n/app/snakemake/6.5.2/snakemake
                CONDA_EXE=/n/app/conda2/bin/conda
             CONDA_PREFIX=/n/app/snakemake/6.5.2/snakemake
           CONDA_PREFIX_1=/n/groups/marks/software/anaconda_o2
    CONDA_PROMPT_MODIFIER=(/n/app/snakemake/6.5.2/snakemake)
         CONDA_PYTHON_EXE=/n/app/conda2/bin/python
               CONDA_ROOT=/n/app/snakemake/6.5.2/snakemake
              CONDA_SHLVL=2
           CURL_CA_BUNDLE=<not set>
                  MANPATH=/n/app/lmod/lmod/share/man:::/opt/puppetlabs/puppet/share/man
               MODULEPATH=/n/app/lmod/lmod/modulefiles/Linux:/n/app/lmod/lmod/modulefiles/Core
                     PATH=/n/app/conda2/bin:/n/groups/marks/software:/n/groups/church/courtney_a
                          nush/software:/n/groups/marks/users/courtney/models/EVE:/n/groups/mark
                          s/software/anaconda_o2/envs:/n/app/snakemake/6.5.2/snakemake/bin:/n/cl
                          uster/bin:/opt/singularity/bin:/n/groups/marks/software/anaconda_o2/bi
                          n:/n/groups/marks/software/anaconda_o2/condabin:/n/groups/marks/softwa
                          re:/n/groups/church/courtney_anush/software:/n/groups/marks/users/cour
                          tney/models/EVE:/n/groups/marks/software/anaconda_o2/envs:/n/groups/ma
                          rks/software/anaconda_o2/bin:/n/cluster/bin:/opt/singularity/bin:/usr/
                          local/bin:/usr/bin:/usr/local/sbin:/usr/sbin:/opt/puppetlabs/bin:/usr/
                          local/rvm/bin:/home/cos262/.local/bin:/home/cos262/bin
       REQUESTS_CA_BUNDLE=<not set>
            SSL_CERT_FILE=<not set>
             rvm_bin_path=/usr/local/rvm/bin
                 rvm_path=/usr/local/rvm

     active environment : base
    active env location : /n/app/snakemake/6.5.2/snakemake
            shell level : 2
       user config file : /home/cos262/.condarc
 populated config files : /home/cos262/.condarc
          conda version : 4.10.3
    conda-build version : not installed
         python version : 3.9.6.final.0
       virtual packages : __linux=3.10.0=0
                          __glibc=2.17=0
                          __unix=0=0
                          __archspec=1=x86_64
       base environment : /n/app/snakemake/6.5.2/snakemake  (read only)
      conda av data dir : /n/app/snakemake/6.5.2/snakemake/etc/conda
  conda av metadata url : None
           channel URLs : http://conda.anaconda.org/gurobi/linux-64
                          http://conda.anaconda.org/gurobi/noarch
                          https://repo.anaconda.com/pkgs/main/linux-64
                          https://repo.anaconda.com/pkgs/main/noarch
                          https://repo.anaconda.com/pkgs/r/linux-64
                          https://repo.anaconda.com/pkgs/r/noarch
          package cache : /n/app/snakemake/6.5.2/snakemake/pkgs
                          /home/cos262/.conda/pkgs
       envs directories : /home/cos262/.conda/envs
                          /n/app/snakemake/6.5.2/snakemake/envs
               platform : linux-64
             user-agent : conda/4.10.3 requests/2.25.1 CPython/3.9.6 Linux/3.10.0-1160.80.1.el7.x86_64 centos/7.9.2009 glibc/2.17
                UID:GID : 184717:2184717
             netrc file : /home/cos262/.netrc
           offline mode : False


An unexpected error has occurred. Conda has prepared the above report.


